R version 3.5.1 (2018-07-02)
Platform: x86_64-apple-darwin15.6.0 (64-bit)
Running under: macOS  10.14.1

Matrix products: default
BLAS: /Library/Frameworks/R.framework/Versions/3.5/Resources/lib/libRblas.0.dylib
LAPACK: /Library/Frameworks/R.framework/Versions/3.5/Resources/lib/libRlapack.dylib

locale:
[1] en_US.UTF-8/en_US.UTF-8/en_US.UTF-8/C/en_US.UTF-8/en_US.UTF-8

attached base packages:
[1] stats     graphics  grDevices utils     datasets  methods   base     

other attached packages:
[1] DT_0.4             data.table_1.11.4  xtable_1.8-3      
[4] ggplot2_3.1.0.9000 dplyr_0.7.7        magrittr_1.5      
[7] knitr_1.20        

loaded via a namespace (and not attached):
 [1] Rcpp_0.12.19     bindr_0.1.1      munsell_0.5.0    tidyselect_0.2.5
 [5] colorspace_1.3-2 R6_2.3.0         rlang_0.3.0.1    plyr_1.8.4      
 [9] stringr_1.3.1    tools_3.5.1      grid_3.5.1       gtable_0.2.0    
[13] withr_2.1.2      htmltools_0.3.6  lazyeval_0.2.1   yaml_2.2.0      
[17] assertthat_0.2.0 rprojroot_1.3-2  digest_0.6.18    tibble_1.4.2    
[21] bindrcpp_0.2.2   purrr_0.2.5      htmlwidgets_1.2  glue_1.3.0      
[25] evaluate_0.11    rmarkdown_1.10   stringi_1.2.2    compiler_3.5.1  
[29] pillar_1.2.3     scales_1.0.0     backports_1.1.2  pkgconfig_2.0.2 
